<?xml version="1.0" encoding="UTF-8"?>
<!-- Generated by org.testng.reporters.JUnitXMLReporter -->
<testsuite ignored="0" hostname="Deepika" failures="1" tests="1" name="Default test" time="14.308" errors="0" timestamp="2024-06-09T00:57:09 IST">
  <testcase classname="io.cucumber.testng.AbstractTestNGCucumberTests" name="runScenario" time="13.747">
    <failure type="java.lang.NullPointerException">
      <![CDATA[java.lang.NullPointerException
at stepdefinitions.LoginStepDefinition.User_Navigate_to_amazon_homepage(LoginStepDefinition.java:41)
at ✽.User Navigate to amazon homepage(file:///F:/Online/src/test/java/features/account.feature:6)
]]>
    </failure>
  </testcase> <!-- runScenario -->
</testsuite> <!-- Default test -->
