<?xml version="1.0" encoding="UTF-8"?>
<!-- Generated by org.testng.reporters.JUnitReportReporter -->
<testsuite hostname="Deepika" failures="0" tests="1" name="cucumberOptions.TestNGRunner" time="13.747" errors="1" timestamp="2024-06-09T00:57:10 IST" skipped="0">
  <testcase classname="cucumberOptions.TestNGRunner" name="runScenario" time="13.747">
    <error type="java.lang.NullPointerException">
      <![CDATA[java.lang.NullPointerException
at stepdefinitions.LoginStepDefinition.User_Navigate_to_amazon_homepage(LoginStepDefinition.java:41)
at ✽.User Navigate to amazon homepage(file:///F:/Online/src/test/java/features/account.feature:6)
]]>
    </error>
  </testcase> <!-- runScenario -->
</testsuite> <!-- cucumberOptions.TestNGRunner -->
